Oct-22 11:18:43.602 [main] DEBUG nextflow.cli.Launcher - $> nextflow run main.nf -resume
Oct-22 11:18:43.661 [main] DEBUG nextflow.cli.CmdRun - N E X T F L O W  ~  version 24.04.4
Oct-22 11:18:43.675 [main] DEBUG nextflow.plugin.PluginsFacade - Setting up plugin manager > mode=prod; embedded=false; plugins-dir=/Users/winniecook/.nextflow/plugins; core-plugins: nf-amazon@2.5.3,nf-azure@1.6.1,nf-cloudcache@0.4.1,nf-codecommit@0.2.1,nf-console@1.1.3,nf-ga4gh@1.3.0,nf-google@1.13.2-patch1,nf-tower@1.9.1,nf-wave@1.4.2-patch1
Oct-22 11:18:43.681 [main] INFO  o.pf4j.DefaultPluginStatusProvider - Enabled plugins: []
Oct-22 11:18:43.681 [main] INFO  o.pf4j.DefaultPluginStatusProvider - Disabled plugins: []
Oct-22 11:18:43.683 [main] INFO  org.pf4j.DefaultPluginManager - PF4J version 3.12.0 in 'deployment' mode
Oct-22 11:18:43.691 [main] INFO  org.pf4j.AbstractPluginManager - No plugins
Oct-22 11:18:43.737 [main] DEBUG nextflow.cli.CmdRun - Applied DSL=2 by global default
Oct-22 11:18:43.748 [main] DEBUG nextflow.cli.CmdRun - Launching `main.nf` [cranky_elion] DSL2 - revision: f4dec982e5
Oct-22 11:18:43.750 [main] DEBUG nextflow.plugin.PluginsFacade - Plugins default=[]
Oct-22 11:18:43.750 [main] DEBUG nextflow.plugin.PluginsFacade - Plugins resolved requirement=[]
Oct-22 11:18:43.801 [main] DEBUG nextflow.Session - Session UUID: 962c5644-9182-44e3-a958-2c1c72997a95
Oct-22 11:18:43.801 [main] DEBUG nextflow.Session - Run name: cranky_elion
Oct-22 11:18:43.801 [main] DEBUG nextflow.Session - Executor pool size: 8
Oct-22 11:18:43.807 [main] DEBUG nextflow.file.FilePorter - File porter settings maxRetries=3; maxTransfers=50; pollTimeout=null
Oct-22 11:18:43.812 [main] DEBUG nextflow.util.ThreadPoolBuilder - Creating thread pool 'FileTransfer' minSize=10; maxSize=24; workQueue=LinkedBlockingQueue[10000]; allowCoreThreadTimeout=false
Oct-22 11:18:43.829 [main] DEBUG nextflow.cli.CmdRun - 
  Version: 24.04.4 build 5917
  Created: 01-08-2024 07:05 UTC (08:05 BST)
  System: Mac OS X 15.0.1
  Runtime: Groovy 4.0.21 on OpenJDK 64-Bit Server VM 17.0.13+0
  Encoding: UTF-8 (UTF-8)
  Process: 6899@Winnies-MacBook-Air.local [127.0.0.1]
  CPUs: 8 - Mem: 8 GB (71.5 MB) - Swap: 0 (0)
Oct-22 11:18:43.842 [main] DEBUG nextflow.Session - Work-dir: /Users/winniecook/Documents/Updating_Projects/Script_Projects/forest-fire-analysis/work [Mac OS X]
Oct-22 11:18:43.842 [main] DEBUG nextflow.Session - Script base path does not exist or is not a directory: /Users/winniecook/Documents/Updating_Projects/Script_Projects/forest-fire-analysis/bin
Oct-22 11:18:43.854 [main] DEBUG nextflow.executor.ExecutorFactory - Extension executors providers=[]
Oct-22 11:18:43.860 [main] DEBUG nextflow.Session - Observer factory: DefaultObserverFactory
Oct-22 11:18:43.876 [main] DEBUG nextflow.cache.CacheFactory - Using Nextflow cache factory: nextflow.cache.DefaultCacheFactory
Oct-22 11:18:43.882 [main] DEBUG nextflow.util.CustomThreadPool - Creating default thread pool > poolSize: 9; maxThreads: 1000
Oct-22 11:18:43.941 [main] DEBUG nextflow.Session - Session start
Oct-22 11:18:44.352 [main] DEBUG nextflow.script.ScriptRunner - > Launching execution
Oct-22 11:18:44.360 [main] DEBUG n.secret.LocalSecretsProvider - Secrets store: /Users/winniecook/.nextflow/secrets/store.json
Oct-22 11:18:44.365 [main] DEBUG nextflow.secret.SecretsLoader - Discovered secrets providers: [nextflow.secret.LocalSecretsProvider@7f0b93b4] - activable => nextflow.secret.LocalSecretsProvider@7f0b93b4
Oct-22 11:18:44.436 [main] DEBUG nextflow.executor.ExecutorFactory - << taskConfig executor: null
Oct-22 11:18:44.437 [main] DEBUG nextflow.executor.ExecutorFactory - >> processorType: 'local'
Oct-22 11:18:44.440 [main] DEBUG nextflow.executor.Executor - [warm up] executor > local
Oct-22 11:18:44.443 [main] DEBUG n.processor.LocalPollingMonitor - Creating local task monitor for executor 'local' > cpus=8; memory=8 GB; capacity=8; pollInterval=100ms; dumpInterval=5m
Oct-22 11:18:44.445 [main] DEBUG n.processor.TaskPollingMonitor - >>> barrier register (monitor: local)
Oct-22 11:18:44.497 [main] DEBUG nextflow.executor.ExecutorFactory - << taskConfig executor: null
Oct-22 11:18:44.497 [main] DEBUG nextflow.executor.ExecutorFactory - >> processorType: 'local'
Oct-22 11:18:44.500 [main] DEBUG nextflow.executor.ExecutorFactory - << taskConfig executor: null
Oct-22 11:18:44.500 [main] DEBUG nextflow.executor.ExecutorFactory - >> processorType: 'local'
Oct-22 11:18:44.504 [main] DEBUG nextflow.executor.ExecutorFactory - << taskConfig executor: null
Oct-22 11:18:44.504 [main] DEBUG nextflow.executor.ExecutorFactory - >> processorType: 'local'
Oct-22 11:18:44.506 [main] DEBUG nextflow.Session - Workflow process names [dsl2]: VISUALIZATION, PREPROCESS, STATISTICAL_MODELING, EXPLORATORY_ANALYSIS
Oct-22 11:18:44.506 [main] DEBUG nextflow.Session - Igniting dataflow network (5)
Oct-22 11:18:44.509 [main] DEBUG nextflow.processor.TaskProcessor - Starting process > PREPROCESS
Oct-22 11:18:44.510 [main] DEBUG nextflow.processor.TaskProcessor - Starting process > EXPLORATORY_ANALYSIS
Oct-22 11:18:44.510 [main] DEBUG nextflow.processor.TaskProcessor - Starting process > STATISTICAL_MODELING
Oct-22 11:18:44.510 [main] DEBUG nextflow.processor.TaskProcessor - Starting process > VISUALIZATION
Oct-22 11:18:44.511 [main] DEBUG nextflow.script.ScriptRunner - Parsed script files:
  Script_c83a95fbb8a32ec2: /Users/winniecook/Documents/Updating_Projects/Script_Projects/forest-fire-analysis/main.nf
Oct-22 11:18:44.511 [main] DEBUG nextflow.script.ScriptRunner - > Awaiting termination 
Oct-22 11:18:44.511 [main] DEBUG nextflow.Session - Session await
Oct-22 11:18:44.616 [Actor Thread 6] INFO  nextflow.processor.TaskProcessor - [f9/476ef3] Cached process > PREPROCESS (1)
Oct-22 11:18:44.630 [Actor Thread 3] INFO  nextflow.processor.TaskProcessor - [93/e0a8ed] Cached process > STATISTICAL_MODELING (1)
Oct-22 11:18:44.651 [Actor Thread 3] DEBUG nextflow.util.ThreadPoolBuilder - Creating thread pool 'PublishDir' minSize=10; maxSize=24; workQueue=LinkedBlockingQueue[10000]; allowCoreThreadTimeout=false
Oct-22 11:18:44.677 [Task submitter] DEBUG n.executor.local.LocalTaskHandler - Launch cmd line: /bin/bash -ue .command.run
Oct-22 11:18:44.678 [Task submitter] INFO  nextflow.Session - [31/b9f82a] Submitted process > EXPLORATORY_ANALYSIS (1)
Oct-22 11:18:44.682 [Task submitter] DEBUG n.executor.local.LocalTaskHandler - Launch cmd line: /bin/bash -ue .command.run
Oct-22 11:18:44.683 [Task submitter] INFO  nextflow.Session - [c5/3b92f9] Submitted process > VISUALIZATION (1)
Oct-22 11:18:47.461 [Task monitor] DEBUG n.processor.TaskPollingMonitor - Task completed > TaskHandler[id: 4; name: VISUALIZATION (1); status: COMPLETED; exit: 0; error: -; workDir: /Users/winniecook/Documents/Updating_Projects/Script_Projects/forest-fire-analysis/work/c5/3b92f9f81fb074cbad59cdcf13bf89]
Oct-22 11:18:47.461 [Task monitor] DEBUG nextflow.util.ThreadPoolBuilder - Creating thread pool 'TaskFinalizer' minSize=10; maxSize=24; workQueue=LinkedBlockingQueue[10000]; allowCoreThreadTimeout=false
Oct-22 11:18:48.590 [Task monitor] DEBUG n.processor.TaskPollingMonitor - Task completed > TaskHandler[id: 3; name: EXPLORATORY_ANALYSIS (1); status: COMPLETED; exit: 0; error: -; workDir: /Users/winniecook/Documents/Updating_Projects/Script_Projects/forest-fire-analysis/work/31/b9f82a0afb2abc81ac521a352150b5]
Oct-22 11:18:48.593 [main] DEBUG nextflow.Session - Session await > all processes finished
Oct-22 11:18:48.696 [Task monitor] DEBUG n.processor.TaskPollingMonitor - <<< barrier arrives (monitor: local) - terminating tasks monitor poll loop
Oct-22 11:18:48.696 [main] DEBUG nextflow.Session - Session await > all barriers passed
Oct-22 11:18:48.700 [main] DEBUG nextflow.util.ThreadPoolManager - Thread pool 'TaskFinalizer' shutdown completed (hard=false)
Oct-22 11:18:48.701 [main] DEBUG nextflow.util.ThreadPoolManager - Thread pool 'PublishDir' shutdown completed (hard=false)
Oct-22 11:18:48.706 [main] DEBUG n.trace.WorkflowStatsObserver - Workflow completed > WorkflowStats[succeededCount=2; failedCount=0; ignoredCount=0; cachedCount=2; pendingCount=0; submittedCount=0; runningCount=0; retriesCount=0; abortedCount=0; succeedDuration=6.5s; failedDuration=0ms; cachedDuration=3.4s;loadCpus=0; loadMemory=0; peakRunning=2; peakCpus=2; peakMemory=0; ]
Oct-22 11:18:48.735 [main] DEBUG nextflow.cache.CacheDB - Closing CacheDB done
Oct-22 11:18:48.745 [main] DEBUG nextflow.util.ThreadPoolManager - Thread pool 'FileTransfer' shutdown completed (hard=false)
Oct-22 11:18:48.746 [main] DEBUG nextflow.script.ScriptRunner - > Execution complete -- Goodbye
